  Data_load.cpp
C:\Users\thf-m\OneDrive\Documents\vs_programme\EMS_demo\EMS_demo\Data_load.cpp(23,21): warning C4244:  '=': conversion from 'double' to 'float', possible loss of data
C:\Users\thf-m\OneDrive\Documents\vs_programme\EMS_demo\EMS_demo\Data_load.cpp(42,19): warning C4244:  '=': conversion from 'double' to 'float', possible loss of data
  EMS_demo.cpp
C:\Users\thf-m\OneDrive\Documents\vs_programme\EMS_demo\EMS_demo\Data_load.cpp(63,42): warning C4244:  '=': conversion from 'double' to 'float', possible loss of data
  Simple_Algorithms.cpp
C:\Users\thf-m\OneDrive\Documents\vs_programme\EMS_demo\EMS_demo\EMS_demo.cpp(46,33): warning C4244:  'argument': conversion from 'float' to 'DWORD', possible loss of data
C:\Users\thf-m\OneDrive\Documents\vs_programme\EMS_demo\EMS_demo\Simple_Algorithms.cpp(38,12): warning C4244:  '=': conversion from 'double' to 'float', possible loss of data
C:\Users\thf-m\OneDrive\Documents\vs_programme\EMS_demo\EMS_demo\Simple_Algorithms.cpp(43,48): warning C4244:  '=': conversion from 'double' to 'int', possible loss of data
C:\Users\thf-m\OneDrive\Documents\vs_programme\EMS_demo\EMS_demo\Simple_Algorithms.cpp(54,49): warning C4244:  '=': conversion from 'double' to 'int', possible loss of data
C:\Users\thf-m\OneDrive\Documents\vs_programme\EMS_demo\EMS_demo\Simple_Algorithms.cpp(31,7): warning C4101:  'SQL_com': unreferenced local variable
C:\Users\thf-m\OneDrive\Documents\vs_programme\EMS_demo\EMS_demo\Simple_Algorithms.cpp(30,7): warning C4101:  'time': unreferenced local variable
C:\Users\thf-m\OneDrive\Documents\vs_programme\EMS_demo\EMS_demo\Simple_Algorithms.cpp(118,16): warning C4244:  '=': conversion from 'double' to 'float', possible loss of data
C:\Users\thf-m\OneDrive\Documents\vs_programme\EMS_demo\EMS_demo\Simple_Algorithms.cpp(124,16): warning C4244:  '=': conversion from 'double' to 'float', possible loss of data
C:\Users\thf-m\OneDrive\Documents\vs_programme\EMS_demo\EMS_demo\Simple_Algorithms.cpp(156,12): warning C4244:  '=': conversion from 'double' to 'float', possible loss of data
C:\Users\thf-m\OneDrive\Documents\vs_programme\EMS_demo\EMS_demo\Simple_Algorithms.cpp(160,11): warning C4244:  '=': conversion from 'double' to 'float', possible loss of data
C:\Users\thf-m\OneDrive\Documents\vs_programme\EMS_demo\EMS_demo\Simple_Algorithms.cpp(164,13): warning C4244:  '=': conversion from 'double' to 'float', possible loss of data
C:\Users\thf-m\OneDrive\Documents\vs_programme\EMS_demo\EMS_demo\Simple_Algorithms.cpp(169,28): warning C4244:  '=': conversion from 'double' to 'int', possible loss of data
C:\Users\thf-m\OneDrive\Documents\vs_programme\EMS_demo\EMS_demo\Simple_Algorithms.cpp(179,28): warning C4244:  '=': conversion from 'double' to 'int', possible loss of data
C:\Users\thf-m\OneDrive\Documents\vs_programme\EMS_demo\EMS_demo\Simple_Algorithms.cpp(150,7): warning C4101:  'SQL_com': unreferenced local variable
  Generating Code...
C:\Users\thf-m\OneDrive\Documents\vs_programme\EMS_demo\EMS_demo\Simple_Algorithms.cpp(149,7): warning C4101:  'time': unreferenced local variable
C:\Users\thf-m\OneDrive\Documents\vs_programme\EMS_demo\EMS_demo\Simple_Algorithms.cpp(149,7): warning C4101: C:\Users\thf-m\OneDrive\Documents\vs_programme\EMS_demo\EMS_demo\Simple_Algorithms.cpp(211) : warning C4715: 'Call_EMS_t': not all control paths return a value
C:\Users\thf-m\OneDrive\Documents\vs_programme\EMS_demo\EMS_demo\Simple_Algorithms.cpp(149,7): warning C4101: C:\Users\thf-m\OneDrive\Documents\vs_programme\EMS_demo\EMS_demo\Simple_Algorithms.cpp(104) : warning C4715: 'Call_EMS': not all control paths return a value
  EMS_demo.vcxproj -> C:\Users\thf-m\OneDrive\Documents\vs_programme\EMS_demo\Debug\EMS_demo.exe
